IP{v=4; ihl=20; tos=0; tot_len=731; id=64416; ttl=64; protocol=6; saddr=10.0.0.137; daddr=104.131.253.240}
TCP{sport=59965; dport=80; seq=2846253071; ack_seq=1005172330; flags=u0a1p1r0s0f0; window=229; urg=0, header_len=32}
payload (len=679):
POST /tkblog/resource/ajax/response.php?rand=27636 HTTP/1.1\r
Host: xue-zha.club\r
Connection: keep-alive\r
Content-Length: 102\r
Origin: http://xue-zha.club\r
User-Agent: Mozilla/5.0 (X11; Linux x86_64) AppleWebKit/537.36 (KHTML, like Gecko) Chrome/40.0.2214.93 Safari/537.36\r
Content-type: application/x-www-form-urlencoded\r
Accept: */*\r
Referer: http://xue-zha.club/tkblog/\r
Accept-Encoding: gzip, deflate\r
Accept-Language: en-US,en;q=0.8,zh;q=0.6,zh-CN;q=0.4,zh-TW;q=0.2\r
Cookie: author=t.k.ga6840; url=; email=clock126@126.com\r
AlexaToolbar-ALX_NS_PH: AlexaToolbar/alxg-3.3\r
\r
type=moreBlogs&message= from:10
        id_filter:0
        tag_filter:all
        time_filter:2015-05-20
        keyword_filter:

[accept]
IP{v=4; ihl=20; tos=0; tot_len=563; id=64427; ttl=64; protocol=6; saddr=10.0.0.137; daddr=104.131.253.240}
TCP{sport=59965; dport=80; seq=2846253750; ack_seq=1005183857; flags=u0a1p1r0s0f0; window=410; urg=0, header_len=32}
payload (len=511):
GET /tkblog/blog/2015/4/src/src-2015-04-5-09-16-figure_1.png HTTP/1.1\r
Host: xue-zha.club\r
Connection: keep-alive\r
Accept: image/webp,*/*;q=0.8\r
User-Agent: Mozilla/5.0 (X11; Linux x86_64) AppleWebKit/537.36 (KHTML, like Gecko) Chrome/40.0.2214.93 Safari/537.36\r
Referer: http://xue-zha.club/tkblog/\r
Accept-Encoding: gzip, deflate, sdch\r
Accept-Language: en-US,en;q=0.8,zh;q=0.6,zh-CN;q=0.4,zh-TW;q=0.2\r
Cookie: author=t.k.ga6840; url=; email=clock126@126.com\r
AlexaToolbar-ALX_NS_PH: AlexaToolbar/alxg-3.3\r
\r

[bloking]
IP{v=4; ihl=20; tos=0; tot_len=563; id=2241; ttl=64; protocol=6; saddr=10.0.0.137; daddr=104.131.253.240}
TCP{sport=59966; dport=80; seq=2690428386; ack_seq=1749587674; flags=u0a1p1r0s0f0; window=229; urg=0, header_len=32}
payload (len=511):
GET /tkblog/blog/2015/3/src/src-2015-03-31-10-44-huangka.jpg HTTP/1.1\r
Host: xue-zha.club\r
Connection: keep-alive\r
Accept: image/webp,*/*;q=0.8\r
User-Agent: Mozilla/5.0 (X11; Linux x86_64) AppleWebKit/537.36 (KHTML, like Gecko) Chrome/40.0.2214.93 Safari/537.36\r
Referer: http://xue-zha.club/tkblog/\r
Accept-Encoding: gzip, deflate, sdch\r
Accept-Language: en-US,en;q=0.8,zh;q=0.6,zh-CN;q=0.4,zh-TW;q=0.2\r
Cookie: author=t.k.ga6840; url=; email=clock126@126.com\r
AlexaToolbar-ALX_NS_PH: AlexaToolbar/alxg-3.3\r
\r

[accept]
